Not searching for unused variables given on the command line.
[36m--[0m The C compiler identification is GNU 7.5.0
[36m--[0m The CXX compiler identification is GNU 7.5.0
[36m--[0m Check for working C compiler: /usr/bin/cc
[36m--[0m Check for working C compiler: /usr/bin/cc -- works
[36m--[0m Detecting C compiler ABI info
[36m--[0m Detecting C compiler ABI info - done
[36m--[0m Detecting C compile features
[36m--[0m Detecting C compile features - done
[36m--[0m Check for working CXX compiler: /usr/bin/c++
[36m--[0m Check for working CXX compiler: /usr/bin/c++ -- works
[36m--[0m Detecting CXX compiler ABI info
[36m--[0m Detecting CXX compiler ABI info - done
[36m--[0m Detecting CXX compile features
[36m--[0m Detecting CXX compile features - done
[36m--[0m Using CATKIN_DEVEL_PREFIX: /home/zyk/CMakeCatkinExample/example_ws/devel/.private/catkin_example
[36m--[0m Using CMAKE_PREFIX_PATH: /home/zyk/CMakeCatkinExample/example_ws/devel;/home/zyk/catin_ws/devel;/home/zyk/rm_ws/devel;/home/zyk/rm_ws/src/devel;/home/zyk/svm_code/svm6/devel;/home/zyk/svm_code/svm5/devel;/home/zyk/svm_code/svm3/devel;/opt/ros/melodic;/home/zyk/svm_code/svm4/devel
[36m--[0m This workspace overlays: /home/zyk/CMakeCatkinExample/example_ws/devel;/home/zyk/catin_ws/devel;/home/zyk/rm_ws/devel;/home/zyk/rm_ws/src/devel;/home/zyk/svm_code/svm6/devel;/home/zyk/svm_code/svm5/devel;/home/zyk/svm_code/svm3/devel;/opt/ros/melodic
[36m--[0m Found PythonInterp: /usr/bin/python2 (found suitable version "2.7.17", minimum required is "2")
[36m--[0m Using PYTHON_EXECUTABLE: /usr/bin/python2
[36m--[0m Using Debian Python package layout
[36m--[0m Using empy: /usr/bin/empy
[36m--[0m Using CATKIN_ENABLE_TESTING: ON
[36m--[0m Call enable_testing()
[36m--[0m Using CATKIN_TEST_RESULTS_DIR: /home/zyk/CMakeCatkinExample/example_ws/build/catkin_example/test_results
[36m--[0m Found gtest sources under '/usr/src/googletest': gtests will be built
[36m--[0m Found gmock sources under '/usr/src/googletest': gmock will be built
[36m--[0m Found PythonInterp: /usr/bin/python2 (found version "2.7.17")
[36m--[0m Looking for pthread.h
[36m--[0m Looking for pthread.h - found
[36m--[0m Looking for pthread_create
[36m--[0m Looking for pthread_create - not found
[36m--[0m Looking for pthread_create in pthreads
[36m--[0m Looking for pthread_create in pthreads - not found
[36m--[0m Looking for pthread_create in pthread
[36m--[0m Looking for pthread_create in pthread - found
[36m--[0m Found Threads: TRUE
[36m--[0m Using Python nosetests: /usr/bin/nosetests-2.7
[36m--[0m catkin 0.7.29
[36m--[0m BUILD_SHARED_LIBS is on
[36m--[0m Boost version: 1.65.1
[36m--[0m roscpp_generate_messages_cpp;roscpp_generate_messages_eus;roscpp_generate_messages_lisp;roscpp_generate_messages_nodejs;roscpp_generate_messages_py;rosgraph_msgs_generate_messages_cpp;rosgraph_msgs_generate_messages_eus;rosgraph_msgs_generate_messages_lisp;rosgraph_msgs_generate_messages_nodejs;rosgraph_msgs_generate_messages_py;std_msgs_generate_messages_cpp;std_msgs_generate_messages_eus;std_msgs_generate_messages_lisp;std_msgs_generate_messages_nodejs;std_msgs_generate_messages_py;std_msgs_generate_messages_cpp;std_msgs_generate_messages_eus;std_msgs_generate_messages_lisp;std_msgs_generate_messages_nodejs;std_msgs_generate_messages_py;std_msgs_generate_messages_cpp;std_msgs_generate_messages_eus;std_msgs_generate_messages_lisp;std_msgs_generate_messages_nodejs;std_msgs_generate_messages_py;sensor_msgs_generate_messages_cpp;sensor_msgs_generate_messages_eus;sensor_msgs_generate_messages_lisp;sensor_msgs_generate_messages_nodejs;sensor_msgs_generate_messages_py;geometry_msgs_generate_messages_cpp;geometry_msgs_generate_messages_eus;geometry_msgs_generate_messages_lisp;geometry_msgs_generate_messages_nodejs;geometry_msgs_generate_messages_py;std_msgs_generate_messages_cpp;std_msgs_generate_messages_eus;std_msgs_generate_messages_lisp;std_msgs_generate_messages_nodejs;std_msgs_generate_messages_py;std_msgs_generate_messages_cpp;std_msgs_generate_messages_eus;std_msgs_generate_messages_lisp;std_msgs_generate_messages_nodejs;std_msgs_generate_messages_py
[36m--[0m Configuring done
[36m--[0m Generating done
[36m--[0m Build files have been written to: /home/zyk/CMakeCatkinExample/example_ws/build/catkin_example
