Determining if the pthread_create exist failed with the following output:
Change Dir: /home/zyk/CMakeCatkinExample/example_ws/build/empty_package/CMakeFiles/CMakeTmp

Run Build Command:"/usr/bin/make" "cmTC_9d354/fast"
/usr/bin/make -f CMakeFiles/cmTC_9d354.dir/build.make CMakeFiles/cmTC_9d354.dir/build
make[1]: 进入目录“/home/zyk/CMakeCatkinExample/example_ws/build/empty_package/CMakeFiles/CMakeTmp”
Building C object CMakeFiles/cmTC_9d354.dir/CheckSymbolExists.c.o
/usr/bin/cc    -o CMakeFiles/cmTC_9d354.dir/CheckSymbolExists.c.o   -c /home/zyk/CMakeCatkinExample/example_ws/build/empty_package/CMakeFiles/CMakeTmp/CheckSymbolExists.c
Linking C executable cmTC_9d354
/usr/bin/cmake -E cmake_link_script CMakeFiles/cmTC_9d354.dir/link.txt --verbose=1
/usr/bin/cc      -rdynamic CMakeFiles/cmTC_9d354.dir/CheckSymbolExists.c.o  -o cmTC_9d354 
CMakeFiles/cmTC_9d354.dir/CheckSymbolExists.c.o：在函数‘main’中：
CheckSymbolExists.c:(.text+0x1b)：对‘pthread_create’未定义的引用
collect2: error: ld returned 1 exit status
CMakeFiles/cmTC_9d354.dir/build.make:97: recipe for target 'cmTC_9d354' failed
make[1]: *** [cmTC_9d354] Error 1
make[1]: 离开目录“/home/zyk/CMakeCatkinExample/example_ws/build/empty_package/CMakeFiles/CMakeTmp”
Makefile:126: recipe for target 'cmTC_9d354/fast' failed
make: *** [cmTC_9d354/fast] Error 2

File /home/zyk/CMakeCatkinExample/example_ws/build/empty_package/CMakeFiles/CMakeTmp/CheckSymbolExists.c:
/* */
#include <pthread.h>

int main(int argc, char** argv)
{
  (void)argv;
#ifndef pthread_create
  return ((int*)(&pthread_create))[argc];
#else
  (void)argc;
  return 0;
#endif
}

Determining if the function pthread_create exists in the pthreads failed with the following output:
Change Dir: /home/zyk/CMakeCatkinExample/example_ws/build/empty_package/CMakeFiles/CMakeTmp

Run Build Command:"/usr/bin/make" "cmTC_032cd/fast"
/usr/bin/make -f CMakeFiles/cmTC_032cd.dir/build.make CMakeFiles/cmTC_032cd.dir/build
make[1]: 进入目录“/home/zyk/CMakeCatkinExample/example_ws/build/empty_package/CMakeFiles/CMakeTmp”
Building C object CMakeFiles/cmTC_032cd.dir/CheckFunctionExists.c.o
/usr/bin/cc   -DCHECK_FUNCTION_EXISTS=pthread_create   -o CMakeFiles/cmTC_032cd.dir/CheckFunctionExists.c.o   -c /usr/share/cmake-3.10/Modules/CheckFunctionExists.c
Linking C executable cmTC_032cd
/usr/bin/cmake -E cmake_link_script CMakeFiles/cmTC_032cd.dir/link.txt --verbose=1
/usr/bin/cc  -DCHECK_FUNCTION_EXISTS=pthread_create    -rdynamic CMakeFiles/cmTC_032cd.dir/CheckFunctionExists.c.o  -o cmTC_032cd -lpthreads 
/usr/bin/ld: 找不到 -lpthreads
collect2: error: ld returned 1 exit status
CMakeFiles/cmTC_032cd.dir/build.make:97: recipe for target 'cmTC_032cd' failed
make[1]: *** [cmTC_032cd] Error 1
make[1]: 离开目录“/home/zyk/CMakeCatkinExample/example_ws/build/empty_package/CMakeFiles/CMakeTmp”
Makefile:126: recipe for target 'cmTC_032cd/fast' failed
make: *** [cmTC_032cd/fast] Error 2


